Copyright 1986-2017 Xilinx, Inc. All Rights Reserved.
----------------------------------------------------------------------------------------------------------------------------------------------------------------
| Tool Version     : Vivado v.2017.2 (lin64) Build 1909853 Thu Jun 15 18:39:10 MDT 2017
| Date             : Sat Nov 18 13:31:20 2017
| Host             : nezin-desktop running 64-bit Ubuntu 16.04.3 LTS
| Command          : report_power -file conv_relu_pool_power_routed.rpt -pb conv_relu_pool_power_summary_routed.pb -rpx conv_relu_pool_power_routed.rpx
| Design           : conv_relu_pool
| Device           : xc7z020clg484-1
| Design State     : routed
| Grade            : commercial
| Process          : typical
| Characterization : Production
----------------------------------------------------------------------------------------------------------------------------------------------------------------

Power Report

Table of Contents
-----------------
1. Summary
1.1 On-Chip Components
1.2 Power Supply Summary
1.3 Confidence Level
2. Settings
2.1 Environment
2.2 Clock Constraints
3. Detailed Reports
3.1 By Hierarchy

1. Summary
----------

+--------------------------+----------------------------------+
| Total On-Chip Power (W)  | 17.204 (Junction temp exceeded!) |
| Dynamic (W)              | 16.162                           |
| Device Static (W)        | 1.042                            |
| Effective TJA (C/W)      | 11.5                             |
| Max Ambient (C)          | 0.0                              |
| Junction Temperature (C) | 125.0                            |
| Confidence Level         | Low                              |
| Setting File             | ---                              |
| Simulation Activity File | ---                              |
| Design Nets Matched      | NA                               |
+--------------------------+----------------------------------+


1.1 On-Chip Components
----------------------

+-------------------------+-----------+----------+-----------+-----------------+
| On-Chip                 | Power (W) | Used     | Available | Utilization (%) |
+-------------------------+-----------+----------+-----------+-----------------+
| Slice Logic             |     1.465 |     2397 |       --- |             --- |
|   LUT as Logic          |     1.230 |      969 |     53200 |            1.82 |
|   CARRY4                |     0.120 |       54 |     13300 |            0.41 |
|   Register              |     0.088 |      809 |    106400 |            0.76 |
|   F7/F8 Muxes           |     0.012 |      247 |     53200 |            0.46 |
|   LUT as Shift Register |     0.010 |       30 |     17400 |            0.17 |
|   BUFG                  |     0.006 |        2 |        32 |            6.25 |
|   Others                |     0.000 |      136 |       --- |             --- |
| Signals                 |     1.536 |     1863 |       --- |             --- |
| Block RAM               |     0.124 |        1 |       140 |            0.71 |
| DSPs                    |    13.000 |       16 |       220 |            7.27 |
| I/O                     |     0.037 |       34 |       200 |           17.00 |
| Static Power            |     1.042 |          |           |                 |
| Total                   |    17.204 |          |           |                 |
+-------------------------+-----------+----------+-----------+-----------------+


1.2 Power Supply Summary
------------------------

+-----------+-------------+-----------+-------------+------------+
| Source    | Voltage (V) | Total (A) | Dynamic (A) | Static (A) |
+-----------+-------------+-----------+-------------+------------+
| Vccint    |       1.000 |    16.458 |      16.159 |      0.300 |
| Vccaux    |       1.800 |     0.100 |       0.000 |      0.100 |
| Vcco33    |       3.300 |     0.000 |       0.000 |      0.000 |
| Vcco25    |       2.500 |     0.000 |       0.000 |      0.000 |
| Vcco18    |       1.800 |     0.001 |       0.000 |      0.001 |
| Vcco15    |       1.500 |     0.000 |       0.000 |      0.000 |
| Vcco135   |       1.350 |     0.000 |       0.000 |      0.000 |
| Vcco12    |       1.200 |     0.000 |       0.000 |      0.000 |
| Vccaux_io |       1.800 |     0.000 |       0.000 |      0.000 |
| Vccbram   |       1.000 |     0.031 |       0.003 |      0.028 |
| MGTAVcc   |       1.000 |     0.000 |       0.000 |      0.000 |
| MGTAVtt   |       1.200 |     0.000 |       0.000 |      0.000 |
| MGTVccaux |       1.800 |     0.000 |       0.000 |      0.000 |
| Vccpint   |       1.000 |     0.473 |       0.000 |      0.473 |
| Vccpaux   |       1.800 |     0.010 |       0.000 |      0.010 |
| Vccpll    |       1.800 |     0.003 |       0.000 |      0.003 |
| Vcco_ddr  |       1.500 |     0.000 |       0.000 |      0.000 |
| Vcco_mio0 |       1.800 |     0.000 |       0.000 |      0.000 |
| Vcco_mio1 |       1.800 |     0.000 |       0.000 |      0.000 |
| Vccadc    |       1.800 |     0.020 |       0.000 |      0.020 |
+-----------+-------------+-----------+-------------+------------+


1.3 Confidence Level
--------------------

+-----------------------------+------------+--------------------------------------------------------+--------------------------------------------------------------------------------------------------------------------+
| User Input Data             | Confidence | Details                                                | Action                                                                                                             |
+-----------------------------+------------+--------------------------------------------------------+--------------------------------------------------------------------------------------------------------------------+
| Design implementation state | High       | Design is routed                                       |                                                                                                                    |
| Clock nodes activity        | Low        | User specified less than 75% of clocks                 | Provide missing clock activity with a constraint file, simulation results or by editing the "By Clock Domain" view |
| I/O nodes activity          | Low        | More than 75% of inputs are missing user specification | Provide missing input activity with simulation results or by editing the "By Resource Type -> I/Os" view           |
| Internal nodes activity     | Medium     | User specified less than 25% of internal nodes         | Provide missing internal nodes activity with simulation results or by editing the "By Resource Type" views         |
| Device models               | High       | Device models are Production                           |                                                                                                                    |
|                             |            |                                                        |                                                                                                                    |
| Overall confidence level    | Low        |                                                        |                                                                                                                    |
+-----------------------------+------------+--------------------------------------------------------+--------------------------------------------------------------------------------------------------------------------+


2. Settings
-----------

2.1 Environment
---------------

+-----------------------+------------------------+
| Ambient Temp (C)      | 25.0                   |
| ThetaJA (C/W)         | 11.5                   |
| Airflow (LFM)         | 250                    |
| Heat Sink             | none                   |
| ThetaSA (C/W)         | 0.0                    |
| Board Selection       | medium (10"x10")       |
| # of Board Layers     | 8to11 (8 to 11 Layers) |
| Board Temperature (C) | 25.0                   |
+-----------------------+------------------------+


2.2 Clock Constraints
---------------------

+-------+--------+-----------------+
| Clock | Domain | Constraint (ns) |
+-------+--------+-----------------+


3. Detailed Reports
-------------------

3.1 By Hierarchy
----------------

+-------------------------------------------------------------+-----------+
| Name                                                        | Power (W) |
+-------------------------------------------------------------+-----------+
| conv_relu_pool                                              |    16.162 |
|   conv0                                                     |     7.733 |
|     fifo_128_1                                              |     0.191 |
|       U0                                                    |     0.191 |
|         inst_fifo_gen                                       |     0.191 |
|           gconvfifo.rf                                      |     0.191 |
|             grf.rf                                          |     0.191 |
|               gntv_or_sync_fifo.gl0.rd                      |     0.017 |
|                 grss.rsts                                   |    <0.001 |
|                 rpntr                                       |     0.016 |
|               gntv_or_sync_fifo.gl0.wr                      |     0.093 |
|                 gwss.gpf.wrpf                               |     0.027 |
|                 gwss.wsts                                   |     0.005 |
|                 wpntr                                       |     0.061 |
|               gntv_or_sync_fifo.mem                         |     0.081 |
|                 gbm.gbmg.gbmga.ngecc.bmg                    |     0.081 |
|                   inst_blk_mem_gen                          |     0.081 |
|                     gnbram.gnativebmg.native_blk_mem_gen    |     0.081 |
|                       valid.cstr                            |     0.081 |
|                         ramloop[0].ram.r                    |     0.081 |
|                           prim_noinit.ram                   |     0.081 |
|     h0                                                      |     7.286 |
|       F                                                     |     7.041 |
|         U0                                                  |     7.041 |
|           i_synth                                           |     7.041 |
|             g_transpose_single_rate.i_transpose_single_rate |     7.041 |
|               g_cnfg_and_reload.i_cnfg_and_reload           |     0.042 |
|                 g_fsel_store.i_next_chan_dly                |    <0.001 |
|                 g_fsel_store.i_update_chan_dly              |     0.002 |
|                 i_config_chan_fifo                          |     0.032 |
|                   fifo0                                     |     0.031 |
|               g_cntrl_filter_sel.i_cntrl_filter_sel         |     0.004 |
|               g_cntrl_filter_sel.i_cntrl_latch_fsel         |    <0.001 |
|               g_paths[0].g_coef_mem_array[0].i_mem          |     0.024 |
|                 g_individual.g_mem_b.i_mem_b                |     0.012 |
|                 g_individual.i_mem_a                        |     0.012 |
|               g_paths[0].g_coef_mem_array[1].i_mem          |     0.026 |
|                 g_individual.g_mem_b.i_mem_b                |     0.013 |
|                 g_individual.i_mem_a                        |     0.014 |
|               g_paths[0].g_coef_mem_array[2].i_mem          |     0.024 |
|                 g_individual.g_mem_b.i_mem_b                |     0.012 |
|                 g_individual.i_mem_a                        |     0.012 |
|               g_paths[0].g_coef_mem_array[3].i_mem          |     0.023 |
|                 g_individual.g_mem_b.i_mem_b                |     0.012 |
|                 g_individual.i_mem_a                        |     0.012 |
|               g_paths[0].g_madd[0].i_madd                   |     1.108 |
|                 i_addsub_mult_accum                         |     1.108 |
|               g_paths[0].g_madd[1].i_madd                   |     0.877 |
|                 i_addsub_mult_accum                         |     0.877 |
|               g_paths[0].g_madd[2].i_madd                   |     0.865 |
|                 i_addsub_mult_accum                         |     0.865 |
|               g_paths[0].g_madd[3].i_madd                   |     0.851 |
|                 i_addsub_mult_accum                         |     0.851 |
|               g_paths[0].g_madd[4].i_madd                   |     0.830 |
|                 i_addsub_mult_accum                         |     0.830 |
|               g_paths[0].g_madd[5].i_madd                   |     0.799 |
|                 i_addsub_mult_accum                         |     0.799 |
|               g_paths[0].g_madd[6].i_madd                   |     0.747 |
|                 i_addsub_mult_accum                         |     0.747 |
|               g_paths[0].g_madd[7].i_madd                   |     0.611 |
|                 i_addsub_mult_accum                         |     0.611 |
|               g_s_data_chan_fifo.i_s_data_chan_fifo         |     0.086 |
|                 fifo0                                       |     0.071 |
|               i_data_in                                     |     0.036 |
|               i_latch_op                                    |    <0.001 |
|   conv1                                                     |     7.567 |
|     fifo_128_1                                              |     0.188 |
|       U0                                                    |     0.188 |
|         inst_fifo_gen                                       |     0.188 |
|           gconvfifo.rf                                      |     0.188 |
|             grf.rf                                          |     0.188 |
|               gntv_or_sync_fifo.gl0.rd                      |     0.018 |
|                 grss.rsts                                   |     0.001 |
|                 rpntr                                       |     0.016 |
|               gntv_or_sync_fifo.gl0.wr                      |     0.086 |
|                 gwss.gpf.wrpf                               |     0.025 |
|                 gwss.wsts                                   |     0.005 |
|                 wpntr                                       |     0.056 |
|               gntv_or_sync_fifo.mem                         |     0.084 |
|                 gbm.gbmg.gbmga.ngecc.bmg                    |     0.084 |
|                   inst_blk_mem_gen                          |     0.084 |
|                     gnbram.gnativebmg.native_blk_mem_gen    |     0.084 |
|                       valid.cstr                            |     0.084 |
|                         ramloop[0].ram.r                    |     0.084 |
|                           prim_noinit.ram                   |     0.084 |
|     h1                                                      |     7.117 |
|       F                                                     |     6.906 |
|         U0                                                  |     6.906 |
|           i_synth                                           |     6.906 |
|             g_transpose_single_rate.i_transpose_single_rate |     6.906 |
|               g_cnfg_and_reload.i_cnfg_and_reload           |     0.041 |
|                 g_fsel_store.i_next_chan_dly                |    <0.001 |
|                 g_fsel_store.i_update_chan_dly              |     0.002 |
|                 i_config_chan_fifo                          |     0.028 |
|                   fifo0                                     |     0.027 |
|               g_cntrl_filter_sel.i_cntrl_filter_sel         |     0.004 |
|               g_cntrl_filter_sel.i_cntrl_latch_fsel         |    <0.001 |
|               g_paths[0].g_coef_mem_array[0].i_mem          |     0.025 |
|                 g_individual.g_mem_b.i_mem_b                |     0.013 |
|                 g_individual.i_mem_a                        |     0.013 |
|               g_paths[0].g_coef_mem_array[1].i_mem          |     0.025 |
|                 g_individual.g_mem_b.i_mem_b                |     0.012 |
|                 g_individual.i_mem_a                        |     0.012 |
|               g_paths[0].g_coef_mem_array[2].i_mem          |     0.025 |
|                 g_individual.g_mem_b.i_mem_b                |     0.013 |
|                 g_individual.i_mem_a                        |     0.013 |
|               g_paths[0].g_coef_mem_array[3].i_mem          |     0.025 |
|                 g_individual.g_mem_b.i_mem_b                |     0.012 |
|                 g_individual.i_mem_a                        |     0.012 |
|               g_paths[0].g_madd[0].i_madd                   |     1.098 |
|                 i_addsub_mult_accum                         |     1.098 |
|               g_paths[0].g_madd[1].i_madd                   |     0.869 |
|                 i_addsub_mult_accum                         |     0.869 |
|               g_paths[0].g_madd[2].i_madd                   |     0.859 |
|                 i_addsub_mult_accum                         |     0.859 |
|               g_paths[0].g_madd[3].i_madd                   |     0.842 |
|                 i_addsub_mult_accum                         |     0.842 |
|               g_paths[0].g_madd[4].i_madd                   |     0.821 |
|                 i_addsub_mult_accum                         |     0.821 |
|               g_paths[0].g_madd[5].i_madd                   |     0.787 |
|                 i_addsub_mult_accum                         |     0.787 |
|               g_paths[0].g_madd[6].i_madd                   |     0.725 |
|                 i_addsub_mult_accum                         |     0.725 |
|               g_paths[0].g_madd[7].i_madd                   |     0.569 |
|                 i_addsub_mult_accum                         |     0.569 |
|               g_s_data_chan_fifo.i_s_data_chan_fifo         |     0.082 |
|                 fifo0                                       |     0.067 |
|               i_data_in                                     |     0.036 |
|               i_latch_op                                    |    <0.001 |
|   mp                                                        |     0.700 |
|     d2                                                      |     0.531 |
+-------------------------------------------------------------+-----------+


