Copyright 1986-2017 Xilinx, Inc. All Rights Reserved.
-------------------------------------------------------------------------------------------------------------------
| Tool Version : Vivado v.2017.2 (lin64) Build 1909853 Thu Jun 15 18:39:10 MDT 2017
| Date         : Sat Mar 10 17:04:43 2018
| Host         : nezin-desktop running 64-bit Ubuntu 16.04.3 LTS
| Command      : report_methodology -file matmul_methodology_drc_routed.rpt -rpx matmul_methodology_drc_routed.rpx
| Design       : matmul
| Device       : xc7z020clg484-1
| Speed File   : -1
| Design State : Routed
-------------------------------------------------------------------------------------------------------------------

Report Methodology

Table of Contents
-----------------
1. REPORT SUMMARY
2. REPORT DETAILS

1. REPORT SUMMARY
-----------------
            Netlist: netlist
          Floorplan: checkpoint_matmul
      Design limits: <entire design considered>
             Max violations: <unlimited>
             Violations found: 65
+-----------+----------+-------------------------------+------------+
| Rule      | Severity | Description                   | Violations |
+-----------+----------+-------------------------------+------------+
| TIMING-18 | Warning  | Missing input or output delay | 65         |
+-----------+----------+-------------------------------+------------+

2. REPORT DETAILS
-----------------
TIMING-18#1 Warning
Missing input or output delay  
An input delay is missing on input_from_prev_layer relative to clock(s) clk 
Related violations: <none>

TIMING-18#2 Warning
Missing input or output delay  
An input delay is missing on x[0] relative to clock(s) clk 
Related violations: <none>

TIMING-18#3 Warning
Missing input or output delay  
An input delay is missing on x[10] relative to clock(s) clk 
Related violations: <none>

TIMING-18#4 Warning
Missing input or output delay  
An input delay is missing on x[11] relative to clock(s) clk 
Related violations: <none>

TIMING-18#5 Warning
Missing input or output delay  
An input delay is missing on x[12] relative to clock(s) clk 
Related violations: <none>

TIMING-18#6 Warning
Missing input or output delay  
An input delay is missing on x[13] relative to clock(s) clk 
Related violations: <none>

TIMING-18#7 Warning
Missing input or output delay  
An input delay is missing on x[14] relative to clock(s) clk 
Related violations: <none>

TIMING-18#8 Warning
Missing input or output delay  
An input delay is missing on x[15] relative to clock(s) clk 
Related violations: <none>

TIMING-18#9 Warning
Missing input or output delay  
An input delay is missing on x[16] relative to clock(s) clk 
Related violations: <none>

TIMING-18#10 Warning
Missing input or output delay  
An input delay is missing on x[17] relative to clock(s) clk 
Related violations: <none>

TIMING-18#11 Warning
Missing input or output delay  
An input delay is missing on x[18] relative to clock(s) clk 
Related violations: <none>

TIMING-18#12 Warning
Missing input or output delay  
An input delay is missing on x[19] relative to clock(s) clk 
Related violations: <none>

TIMING-18#13 Warning
Missing input or output delay  
An input delay is missing on x[1] relative to clock(s) clk 
Related violations: <none>

TIMING-18#14 Warning
Missing input or output delay  
An input delay is missing on x[20] relative to clock(s) clk 
Related violations: <none>

TIMING-18#15 Warning
Missing input or output delay  
An input delay is missing on x[21] relative to clock(s) clk 
Related violations: <none>

TIMING-18#16 Warning
Missing input or output delay  
An input delay is missing on x[22] relative to clock(s) clk 
Related violations: <none>

TIMING-18#17 Warning
Missing input or output delay  
An input delay is missing on x[23] relative to clock(s) clk 
Related violations: <none>

TIMING-18#18 Warning
Missing input or output delay  
An input delay is missing on x[24] relative to clock(s) clk 
Related violations: <none>

TIMING-18#19 Warning
Missing input or output delay  
An input delay is missing on x[25] relative to clock(s) clk 
Related violations: <none>

TIMING-18#20 Warning
Missing input or output delay  
An input delay is missing on x[26] relative to clock(s) clk 
Related violations: <none>

TIMING-18#21 Warning
Missing input or output delay  
An input delay is missing on x[27] relative to clock(s) clk 
Related violations: <none>

TIMING-18#22 Warning
Missing input or output delay  
An input delay is missing on x[28] relative to clock(s) clk 
Related violations: <none>

TIMING-18#23 Warning
Missing input or output delay  
An input delay is missing on x[29] relative to clock(s) clk 
Related violations: <none>

TIMING-18#24 Warning
Missing input or output delay  
An input delay is missing on x[2] relative to clock(s) clk 
Related violations: <none>

TIMING-18#25 Warning
Missing input or output delay  
An input delay is missing on x[30] relative to clock(s) clk 
Related violations: <none>

TIMING-18#26 Warning
Missing input or output delay  
An input delay is missing on x[31] relative to clock(s) clk 
Related violations: <none>

TIMING-18#27 Warning
Missing input or output delay  
An input delay is missing on x[3] relative to clock(s) clk 
Related violations: <none>

TIMING-18#28 Warning
Missing input or output delay  
An input delay is missing on x[4] relative to clock(s) clk 
Related violations: <none>

TIMING-18#29 Warning
Missing input or output delay  
An input delay is missing on x[5] relative to clock(s) clk 
Related violations: <none>

TIMING-18#30 Warning
Missing input or output delay  
An input delay is missing on x[6] relative to clock(s) clk 
Related violations: <none>

TIMING-18#31 Warning
Missing input or output delay  
An input delay is missing on x[7] relative to clock(s) clk 
Related violations: <none>

TIMING-18#32 Warning
Missing input or output delay  
An input delay is missing on x[8] relative to clock(s) clk 
Related violations: <none>

TIMING-18#33 Warning
Missing input or output delay  
An input delay is missing on x[9] relative to clock(s) clk 
Related violations: <none>

TIMING-18#34 Warning
Missing input or output delay  
An output delay is missing on y[0] relative to clock(s) clk 
Related violations: <none>

TIMING-18#35 Warning
Missing input or output delay  
An output delay is missing on y[10] relative to clock(s) clk 
Related violations: <none>

TIMING-18#36 Warning
Missing input or output delay  
An output delay is missing on y[11] relative to clock(s) clk 
Related violations: <none>

TIMING-18#37 Warning
Missing input or output delay  
An output delay is missing on y[12] relative to clock(s) clk 
Related violations: <none>

TIMING-18#38 Warning
Missing input or output delay  
An output delay is missing on y[13] relative to clock(s) clk 
Related violations: <none>

TIMING-18#39 Warning
Missing input or output delay  
An output delay is missing on y[14] relative to clock(s) clk 
Related violations: <none>

TIMING-18#40 Warning
Missing input or output delay  
An output delay is missing on y[15] relative to clock(s) clk 
Related violations: <none>

TIMING-18#41 Warning
Missing input or output delay  
An output delay is missing on y[16] relative to clock(s) clk 
Related violations: <none>

TIMING-18#42 Warning
Missing input or output delay  
An output delay is missing on y[17] relative to clock(s) clk 
Related violations: <none>

TIMING-18#43 Warning
Missing input or output delay  
An output delay is missing on y[18] relative to clock(s) clk 
Related violations: <none>

TIMING-18#44 Warning
Missing input or output delay  
An output delay is missing on y[19] relative to clock(s) clk 
Related violations: <none>

TIMING-18#45 Warning
Missing input or output delay  
An output delay is missing on y[1] relative to clock(s) clk 
Related violations: <none>

TIMING-18#46 Warning
Missing input or output delay  
An output delay is missing on y[20] relative to clock(s) clk 
Related violations: <none>

TIMING-18#47 Warning
Missing input or output delay  
An output delay is missing on y[21] relative to clock(s) clk 
Related violations: <none>

TIMING-18#48 Warning
Missing input or output delay  
An output delay is missing on y[22] relative to clock(s) clk 
Related violations: <none>

TIMING-18#49 Warning
Missing input or output delay  
An output delay is missing on y[23] relative to clock(s) clk 
Related violations: <none>

TIMING-18#50 Warning
Missing input or output delay  
An output delay is missing on y[24] relative to clock(s) clk 
Related violations: <none>

TIMING-18#51 Warning
Missing input or output delay  
An output delay is missing on y[25] relative to clock(s) clk 
Related violations: <none>

TIMING-18#52 Warning
Missing input or output delay  
An output delay is missing on y[26] relative to clock(s) clk 
Related violations: <none>

TIMING-18#53 Warning
Missing input or output delay  
An output delay is missing on y[27] relative to clock(s) clk 
Related violations: <none>

TIMING-18#54 Warning
Missing input or output delay  
An output delay is missing on y[28] relative to clock(s) clk 
Related violations: <none>

TIMING-18#55 Warning
Missing input or output delay  
An output delay is missing on y[29] relative to clock(s) clk 
Related violations: <none>

TIMING-18#56 Warning
Missing input or output delay  
An output delay is missing on y[2] relative to clock(s) clk 
Related violations: <none>

TIMING-18#57 Warning
Missing input or output delay  
An output delay is missing on y[30] relative to clock(s) clk 
Related violations: <none>

TIMING-18#58 Warning
Missing input or output delay  
An output delay is missing on y[31] relative to clock(s) clk 
Related violations: <none>

TIMING-18#59 Warning
Missing input or output delay  
An output delay is missing on y[3] relative to clock(s) clk 
Related violations: <none>

TIMING-18#60 Warning
Missing input or output delay  
An output delay is missing on y[4] relative to clock(s) clk 
Related violations: <none>

TIMING-18#61 Warning
Missing input or output delay  
An output delay is missing on y[5] relative to clock(s) clk 
Related violations: <none>

TIMING-18#62 Warning
Missing input or output delay  
An output delay is missing on y[6] relative to clock(s) clk 
Related violations: <none>

TIMING-18#63 Warning
Missing input or output delay  
An output delay is missing on y[7] relative to clock(s) clk 
Related violations: <none>

TIMING-18#64 Warning
Missing input or output delay  
An output delay is missing on y[8] relative to clock(s) clk 
Related violations: <none>

TIMING-18#65 Warning
Missing input or output delay  
An output delay is missing on y[9] relative to clock(s) clk 
Related violations: <none>


