Copyright 1986-2017 Xilinx, Inc. All Rights Reserved.
---------------------------------------------------------------------------------------------------------------
| Tool Version : Vivado v.2017.2 (lin64) Build 1909853 Thu Jun 15 18:39:10 MDT 2017
| Date         : Sun Apr  8 19:11:26 2018
| Host         : nezin-desktop running 64-bit Ubuntu 16.04.3 LTS
| Command      : report_methodology -file maia_methodology_drc_routed.rpt -rpx maia_methodology_drc_routed.rpx
| Design       : maia
| Device       : xc7z020clg484-1
| Speed File   : -1
| Design State : Routed
---------------------------------------------------------------------------------------------------------------

Report Methodology

Table of Contents
-----------------
1. REPORT SUMMARY
2. REPORT DETAILS

1. REPORT SUMMARY
-----------------
            Netlist: netlist
          Floorplan: design_1
      Design limits: <entire design considered>
             Max violations: <unlimited>
             Violations found: 159
+-----------+----------+-------------------------------+------------+
| Rule      | Severity | Description                   | Violations |
+-----------+----------+-------------------------------+------------+
| SYNTH-12  | Warning  | DSP input not registered      | 64         |
| SYNTH-13  | Warning  | combinational multiplier      | 48         |
| TIMING-14 | Warning  | LUT on the clock tree         | 6          |
| TIMING-18 | Warning  | Missing input or output delay | 41         |
+-----------+----------+-------------------------------+------------+

2. REPORT DETAILS
-----------------
SYNTH-12#1 Warning
DSP input not registered  
DSP instance fc_layer/generate_dots[0].dot_gen/new_value_reg is not fully pipelined on the input side. AREG/BREG/CREG/DREG are not used.
Related violations: <none>

SYNTH-12#2 Warning
DSP input not registered  
DSP instance fc_layer/generate_dots[10].dot_gen/new_value_reg is not fully pipelined on the input side. AREG/BREG/CREG/DREG are not used.
Related violations: <none>

SYNTH-12#3 Warning
DSP input not registered  
DSP instance fc_layer/generate_dots[11].dot_gen/new_value_reg is not fully pipelined on the input side. AREG/BREG/CREG/DREG are not used.
Related violations: <none>

SYNTH-12#4 Warning
DSP input not registered  
DSP instance fc_layer/generate_dots[12].dot_gen/new_value_reg is not fully pipelined on the input side. AREG/BREG/CREG/DREG are not used.
Related violations: <none>

SYNTH-12#5 Warning
DSP input not registered  
DSP instance fc_layer/generate_dots[13].dot_gen/new_value_reg is not fully pipelined on the input side. AREG/BREG/CREG/DREG are not used.
Related violations: <none>

SYNTH-12#6 Warning
DSP input not registered  
DSP instance fc_layer/generate_dots[14].dot_gen/new_value_reg is not fully pipelined on the input side. AREG/BREG/CREG/DREG are not used.
Related violations: <none>

SYNTH-12#7 Warning
DSP input not registered  
DSP instance fc_layer/generate_dots[15].dot_gen/new_value_reg is not fully pipelined on the input side. AREG/BREG/CREG/DREG are not used.
Related violations: <none>

SYNTH-12#8 Warning
DSP input not registered  
DSP instance fc_layer/generate_dots[16].dot_gen/new_value_reg is not fully pipelined on the input side. AREG/BREG/CREG/DREG are not used.
Related violations: <none>

SYNTH-12#9 Warning
DSP input not registered  
DSP instance fc_layer/generate_dots[17].dot_gen/new_value_reg is not fully pipelined on the input side. AREG/BREG/CREG/DREG are not used.
Related violations: <none>

SYNTH-12#10 Warning
DSP input not registered  
DSP instance fc_layer/generate_dots[18].dot_gen/new_value_reg is not fully pipelined on the input side. AREG/BREG/CREG/DREG are not used.
Related violations: <none>

SYNTH-12#11 Warning
DSP input not registered  
DSP instance fc_layer/generate_dots[19].dot_gen/new_value_reg is not fully pipelined on the input side. AREG/BREG/CREG/DREG are not used.
Related violations: <none>

SYNTH-12#12 Warning
DSP input not registered  
DSP instance fc_layer/generate_dots[1].dot_gen/new_value_reg is not fully pipelined on the input side. AREG/BREG/CREG/DREG are not used.
Related violations: <none>

SYNTH-12#13 Warning
DSP input not registered  
DSP instance fc_layer/generate_dots[20].dot_gen/new_value_reg is not fully pipelined on the input side. AREG/BREG/CREG/DREG are not used.
Related violations: <none>

SYNTH-12#14 Warning
DSP input not registered  
DSP instance fc_layer/generate_dots[21].dot_gen/new_value_reg is not fully pipelined on the input side. AREG/BREG/CREG/DREG are not used.
Related violations: <none>

SYNTH-12#15 Warning
DSP input not registered  
DSP instance fc_layer/generate_dots[22].dot_gen/new_value_reg is not fully pipelined on the input side. AREG/BREG/CREG/DREG are not used.
Related violations: <none>

SYNTH-12#16 Warning
DSP input not registered  
DSP instance fc_layer/generate_dots[23].dot_gen/new_value_reg is not fully pipelined on the input side. AREG/BREG/CREG/DREG are not used.
Related violations: <none>

SYNTH-12#17 Warning
DSP input not registered  
DSP instance fc_layer/generate_dots[24].dot_gen/new_value_reg is not fully pipelined on the input side. AREG/BREG/CREG/DREG are not used.
Related violations: <none>

SYNTH-12#18 Warning
DSP input not registered  
DSP instance fc_layer/generate_dots[25].dot_gen/new_value_reg is not fully pipelined on the input side. AREG/BREG/CREG/DREG are not used.
Related violations: <none>

SYNTH-12#19 Warning
DSP input not registered  
DSP instance fc_layer/generate_dots[26].dot_gen/new_value_reg is not fully pipelined on the input side. AREG/BREG/CREG/DREG are not used.
Related violations: <none>

SYNTH-12#20 Warning
DSP input not registered  
DSP instance fc_layer/generate_dots[27].dot_gen/new_value_reg is not fully pipelined on the input side. AREG/BREG/CREG/DREG are not used.
Related violations: <none>

SYNTH-12#21 Warning
DSP input not registered  
DSP instance fc_layer/generate_dots[28].dot_gen/new_value_reg is not fully pipelined on the input side. AREG/BREG/CREG/DREG are not used.
Related violations: <none>

SYNTH-12#22 Warning
DSP input not registered  
DSP instance fc_layer/generate_dots[29].dot_gen/new_value_reg is not fully pipelined on the input side. AREG/BREG/CREG/DREG are not used.
Related violations: <none>

SYNTH-12#23 Warning
DSP input not registered  
DSP instance fc_layer/generate_dots[2].dot_gen/new_value_reg is not fully pipelined on the input side. AREG/BREG/CREG/DREG are not used.
Related violations: <none>

SYNTH-12#24 Warning
DSP input not registered  
DSP instance fc_layer/generate_dots[30].dot_gen/new_value_reg is not fully pipelined on the input side. AREG/BREG/CREG/DREG are not used.
Related violations: <none>

SYNTH-12#25 Warning
DSP input not registered  
DSP instance fc_layer/generate_dots[31].dot_gen/new_value_reg is not fully pipelined on the input side. AREG/BREG/CREG/DREG are not used.
Related violations: <none>

SYNTH-12#26 Warning
DSP input not registered  
DSP instance fc_layer/generate_dots[32].dot_gen/new_value_reg is not fully pipelined on the input side. AREG/BREG/CREG/DREG are not used.
Related violations: <none>

SYNTH-12#27 Warning
DSP input not registered  
DSP instance fc_layer/generate_dots[33].dot_gen/new_value_reg is not fully pipelined on the input side. AREG/BREG/CREG/DREG are not used.
Related violations: <none>

SYNTH-12#28 Warning
DSP input not registered  
DSP instance fc_layer/generate_dots[34].dot_gen/new_value_reg is not fully pipelined on the input side. AREG/BREG/CREG/DREG are not used.
Related violations: <none>

SYNTH-12#29 Warning
DSP input not registered  
DSP instance fc_layer/generate_dots[35].dot_gen/new_value_reg is not fully pipelined on the input side. AREG/BREG/CREG/DREG are not used.
Related violations: <none>

SYNTH-12#30 Warning
DSP input not registered  
DSP instance fc_layer/generate_dots[36].dot_gen/new_value_reg is not fully pipelined on the input side. AREG/BREG/CREG/DREG are not used.
Related violations: <none>

SYNTH-12#31 Warning
DSP input not registered  
DSP instance fc_layer/generate_dots[37].dot_gen/new_value_reg is not fully pipelined on the input side. AREG/BREG/CREG/DREG are not used.
Related violations: <none>

SYNTH-12#32 Warning
DSP input not registered  
DSP instance fc_layer/generate_dots[38].dot_gen/new_value_reg is not fully pipelined on the input side. AREG/BREG/CREG/DREG are not used.
Related violations: <none>

SYNTH-12#33 Warning
DSP input not registered  
DSP instance fc_layer/generate_dots[39].dot_gen/new_value_reg is not fully pipelined on the input side. AREG/BREG/CREG/DREG are not used.
Related violations: <none>

SYNTH-12#34 Warning
DSP input not registered  
DSP instance fc_layer/generate_dots[3].dot_gen/new_value_reg is not fully pipelined on the input side. AREG/BREG/CREG/DREG are not used.
Related violations: <none>

SYNTH-12#35 Warning
DSP input not registered  
DSP instance fc_layer/generate_dots[40].dot_gen/new_value_reg is not fully pipelined on the input side. AREG/BREG/CREG/DREG are not used.
Related violations: <none>

SYNTH-12#36 Warning
DSP input not registered  
DSP instance fc_layer/generate_dots[41].dot_gen/new_value_reg is not fully pipelined on the input side. AREG/BREG/CREG/DREG are not used.
Related violations: <none>

SYNTH-12#37 Warning
DSP input not registered  
DSP instance fc_layer/generate_dots[42].dot_gen/new_value_reg is not fully pipelined on the input side. AREG/BREG/CREG/DREG are not used.
Related violations: <none>

SYNTH-12#38 Warning
DSP input not registered  
DSP instance fc_layer/generate_dots[43].dot_gen/new_value_reg is not fully pipelined on the input side. AREG/BREG/CREG/DREG are not used.
Related violations: <none>

SYNTH-12#39 Warning
DSP input not registered  
DSP instance fc_layer/generate_dots[44].dot_gen/new_value_reg is not fully pipelined on the input side. AREG/BREG/CREG/DREG are not used.
Related violations: <none>

SYNTH-12#40 Warning
DSP input not registered  
DSP instance fc_layer/generate_dots[45].dot_gen/new_value_reg is not fully pipelined on the input side. AREG/BREG/CREG/DREG are not used.
Related violations: <none>

SYNTH-12#41 Warning
DSP input not registered  
DSP instance fc_layer/generate_dots[46].dot_gen/new_value_reg is not fully pipelined on the input side. AREG/BREG/CREG/DREG are not used.
Related violations: <none>

SYNTH-12#42 Warning
DSP input not registered  
DSP instance fc_layer/generate_dots[47].dot_gen/new_value_reg is not fully pipelined on the input side. AREG/BREG/CREG/DREG are not used.
Related violations: <none>

SYNTH-12#43 Warning
DSP input not registered  
DSP instance fc_layer/generate_dots[48].dot_gen/new_value_reg is not fully pipelined on the input side. AREG/BREG/CREG/DREG are not used.
Related violations: <none>

SYNTH-12#44 Warning
DSP input not registered  
DSP instance fc_layer/generate_dots[49].dot_gen/new_value_reg is not fully pipelined on the input side. AREG/BREG/CREG/DREG are not used.
Related violations: <none>

SYNTH-12#45 Warning
DSP input not registered  
DSP instance fc_layer/generate_dots[4].dot_gen/new_value_reg is not fully pipelined on the input side. AREG/BREG/CREG/DREG are not used.
Related violations: <none>

SYNTH-12#46 Warning
DSP input not registered  
DSP instance fc_layer/generate_dots[50].dot_gen/new_value_reg is not fully pipelined on the input side. AREG/BREG/CREG/DREG are not used.
Related violations: <none>

SYNTH-12#47 Warning
DSP input not registered  
DSP instance fc_layer/generate_dots[51].dot_gen/new_value_reg is not fully pipelined on the input side. AREG/BREG/CREG/DREG are not used.
Related violations: <none>

SYNTH-12#48 Warning
DSP input not registered  
DSP instance fc_layer/generate_dots[52].dot_gen/new_value_reg is not fully pipelined on the input side. AREG/BREG/CREG/DREG are not used.
Related violations: <none>

SYNTH-12#49 Warning
DSP input not registered  
DSP instance fc_layer/generate_dots[53].dot_gen/new_value_reg is not fully pipelined on the input side. AREG/BREG/CREG/DREG are not used.
Related violations: <none>

SYNTH-12#50 Warning
DSP input not registered  
DSP instance fc_layer/generate_dots[54].dot_gen/new_value_reg is not fully pipelined on the input side. AREG/BREG/CREG/DREG are not used.
Related violations: <none>

SYNTH-12#51 Warning
DSP input not registered  
DSP instance fc_layer/generate_dots[55].dot_gen/new_value_reg is not fully pipelined on the input side. AREG/BREG/CREG/DREG are not used.
Related violations: <none>

SYNTH-12#52 Warning
DSP input not registered  
DSP instance fc_layer/generate_dots[56].dot_gen/new_value_reg is not fully pipelined on the input side. AREG/BREG/CREG/DREG are not used.
Related violations: <none>

SYNTH-12#53 Warning
DSP input not registered  
DSP instance fc_layer/generate_dots[57].dot_gen/new_value_reg is not fully pipelined on the input side. AREG/BREG/CREG/DREG are not used.
Related violations: <none>

SYNTH-12#54 Warning
DSP input not registered  
DSP instance fc_layer/generate_dots[58].dot_gen/new_value_reg is not fully pipelined on the input side. AREG/BREG/CREG/DREG are not used.
Related violations: <none>

SYNTH-12#55 Warning
DSP input not registered  
DSP instance fc_layer/generate_dots[59].dot_gen/new_value_reg is not fully pipelined on the input side. AREG/BREG/CREG/DREG are not used.
Related violations: <none>

SYNTH-12#56 Warning
DSP input not registered  
DSP instance fc_layer/generate_dots[5].dot_gen/new_value_reg is not fully pipelined on the input side. AREG/BREG/CREG/DREG are not used.
Related violations: <none>

SYNTH-12#57 Warning
DSP input not registered  
DSP instance fc_layer/generate_dots[60].dot_gen/new_value_reg is not fully pipelined on the input side. AREG/BREG/CREG/DREG are not used.
Related violations: <none>

SYNTH-12#58 Warning
DSP input not registered  
DSP instance fc_layer/generate_dots[61].dot_gen/new_value_reg is not fully pipelined on the input side. AREG/BREG/CREG/DREG are not used.
Related violations: <none>

SYNTH-12#59 Warning
DSP input not registered  
DSP instance fc_layer/generate_dots[62].dot_gen/new_value_reg is not fully pipelined on the input side. AREG/BREG/CREG/DREG are not used.
Related violations: <none>

SYNTH-12#60 Warning
DSP input not registered  
DSP instance fc_layer/generate_dots[63].dot_gen/new_value_reg is not fully pipelined on the input side. AREG/BREG/CREG/DREG are not used.
Related violations: <none>

SYNTH-12#61 Warning
DSP input not registered  
DSP instance fc_layer/generate_dots[6].dot_gen/new_value_reg is not fully pipelined on the input side. AREG/BREG/CREG/DREG are not used.
Related violations: <none>

SYNTH-12#62 Warning
DSP input not registered  
DSP instance fc_layer/generate_dots[7].dot_gen/new_value_reg is not fully pipelined on the input side. AREG/BREG/CREG/DREG are not used.
Related violations: <none>

SYNTH-12#63 Warning
DSP input not registered  
DSP instance fc_layer/generate_dots[8].dot_gen/new_value_reg is not fully pipelined on the input side. AREG/BREG/CREG/DREG are not used.
Related violations: <none>

SYNTH-12#64 Warning
DSP input not registered  
DSP instance fc_layer/generate_dots[9].dot_gen/new_value_reg is not fully pipelined on the input side. AREG/BREG/CREG/DREG are not used.
Related violations: <none>

SYNTH-13#1 Warning
combinational multiplier  
Detected combinational multiplier in DSP instance conv_layer/conv_0/inner_product/ans1.
Related violations: <none>

SYNTH-13#2 Warning
combinational multiplier  
Detected combinational multiplier in DSP instance conv_layer/conv_0/inner_product/ans1__0.
Related violations: <none>

SYNTH-13#3 Warning
combinational multiplier  
Detected combinational multiplier in DSP instance conv_layer/conv_0/sbl_dsp48/output_signed.
Related violations: <none>

SYNTH-13#4 Warning
combinational multiplier  
Detected combinational multiplier in DSP instance conv_layer/generate_conv[10].conv_gen/inner_product/ans1.
Related violations: <none>

SYNTH-13#5 Warning
combinational multiplier  
Detected combinational multiplier in DSP instance conv_layer/generate_conv[10].conv_gen/inner_product/ans1__0.
Related violations: <none>

SYNTH-13#6 Warning
combinational multiplier  
Detected combinational multiplier in DSP instance conv_layer/generate_conv[10].conv_gen/sbl_dsp48/output_signed.
Related violations: <none>

SYNTH-13#7 Warning
combinational multiplier  
Detected combinational multiplier in DSP instance conv_layer/generate_conv[11].conv_gen/inner_product/ans1.
Related violations: <none>

SYNTH-13#8 Warning
combinational multiplier  
Detected combinational multiplier in DSP instance conv_layer/generate_conv[11].conv_gen/inner_product/ans1__0.
Related violations: <none>

SYNTH-13#9 Warning
combinational multiplier  
Detected combinational multiplier in DSP instance conv_layer/generate_conv[11].conv_gen/sbl_dsp48/output_signed.
Related violations: <none>

SYNTH-13#10 Warning
combinational multiplier  
Detected combinational multiplier in DSP instance conv_layer/generate_conv[12].conv_gen/inner_product/ans1.
Related violations: <none>

SYNTH-13#11 Warning
combinational multiplier  
Detected combinational multiplier in DSP instance conv_layer/generate_conv[12].conv_gen/inner_product/ans1__0.
Related violations: <none>

SYNTH-13#12 Warning
combinational multiplier  
Detected combinational multiplier in DSP instance conv_layer/generate_conv[12].conv_gen/sbl_dsp48/output_signed.
Related violations: <none>

SYNTH-13#13 Warning
combinational multiplier  
Detected combinational multiplier in DSP instance conv_layer/generate_conv[13].conv_gen/inner_product/ans1.
Related violations: <none>

SYNTH-13#14 Warning
combinational multiplier  
Detected combinational multiplier in DSP instance conv_layer/generate_conv[13].conv_gen/inner_product/ans1__0.
Related violations: <none>

SYNTH-13#15 Warning
combinational multiplier  
Detected combinational multiplier in DSP instance conv_layer/generate_conv[13].conv_gen/sbl_dsp48/output_signed.
Related violations: <none>

SYNTH-13#16 Warning
combinational multiplier  
Detected combinational multiplier in DSP instance conv_layer/generate_conv[14].conv_gen/inner_product/ans1.
Related violations: <none>

SYNTH-13#17 Warning
combinational multiplier  
Detected combinational multiplier in DSP instance conv_layer/generate_conv[14].conv_gen/inner_product/ans1__0.
Related violations: <none>

SYNTH-13#18 Warning
combinational multiplier  
Detected combinational multiplier in DSP instance conv_layer/generate_conv[14].conv_gen/sbl_dsp48/output_signed.
Related violations: <none>

SYNTH-13#19 Warning
combinational multiplier  
Detected combinational multiplier in DSP instance conv_layer/generate_conv[15].conv_gen/inner_product/ans1.
Related violations: <none>

SYNTH-13#20 Warning
combinational multiplier  
Detected combinational multiplier in DSP instance conv_layer/generate_conv[15].conv_gen/inner_product/ans1__0.
Related violations: <none>

SYNTH-13#21 Warning
combinational multiplier  
Detected combinational multiplier in DSP instance conv_layer/generate_conv[15].conv_gen/sbl_dsp48/output_signed.
Related violations: <none>

SYNTH-13#22 Warning
combinational multiplier  
Detected combinational multiplier in DSP instance conv_layer/generate_conv[1].conv_gen/inner_product/ans1.
Related violations: <none>

SYNTH-13#23 Warning
combinational multiplier  
Detected combinational multiplier in DSP instance conv_layer/generate_conv[1].conv_gen/inner_product/ans1__0.
Related violations: <none>

SYNTH-13#24 Warning
combinational multiplier  
Detected combinational multiplier in DSP instance conv_layer/generate_conv[1].conv_gen/sbl_dsp48/output_signed.
Related violations: <none>

SYNTH-13#25 Warning
combinational multiplier  
Detected combinational multiplier in DSP instance conv_layer/generate_conv[2].conv_gen/inner_product/ans1.
Related violations: <none>

SYNTH-13#26 Warning
combinational multiplier  
Detected combinational multiplier in DSP instance conv_layer/generate_conv[2].conv_gen/inner_product/ans1__0.
Related violations: <none>

SYNTH-13#27 Warning
combinational multiplier  
Detected combinational multiplier in DSP instance conv_layer/generate_conv[2].conv_gen/sbl_dsp48/output_signed.
Related violations: <none>

SYNTH-13#28 Warning
combinational multiplier  
Detected combinational multiplier in DSP instance conv_layer/generate_conv[3].conv_gen/inner_product/ans1.
Related violations: <none>

SYNTH-13#29 Warning
combinational multiplier  
Detected combinational multiplier in DSP instance conv_layer/generate_conv[3].conv_gen/inner_product/ans1__0.
Related violations: <none>

SYNTH-13#30 Warning
combinational multiplier  
Detected combinational multiplier in DSP instance conv_layer/generate_conv[3].conv_gen/sbl_dsp48/output_signed.
Related violations: <none>

SYNTH-13#31 Warning
combinational multiplier  
Detected combinational multiplier in DSP instance conv_layer/generate_conv[4].conv_gen/inner_product/ans1.
Related violations: <none>

SYNTH-13#32 Warning
combinational multiplier  
Detected combinational multiplier in DSP instance conv_layer/generate_conv[4].conv_gen/inner_product/ans1__0.
Related violations: <none>

SYNTH-13#33 Warning
combinational multiplier  
Detected combinational multiplier in DSP instance conv_layer/generate_conv[4].conv_gen/sbl_dsp48/output_signed.
Related violations: <none>

SYNTH-13#34 Warning
combinational multiplier  
Detected combinational multiplier in DSP instance conv_layer/generate_conv[5].conv_gen/inner_product/ans1.
Related violations: <none>

SYNTH-13#35 Warning
combinational multiplier  
Detected combinational multiplier in DSP instance conv_layer/generate_conv[5].conv_gen/inner_product/ans1__0.
Related violations: <none>

SYNTH-13#36 Warning
combinational multiplier  
Detected combinational multiplier in DSP instance conv_layer/generate_conv[5].conv_gen/sbl_dsp48/output_signed.
Related violations: <none>

SYNTH-13#37 Warning
combinational multiplier  
Detected combinational multiplier in DSP instance conv_layer/generate_conv[6].conv_gen/inner_product/ans1.
Related violations: <none>

SYNTH-13#38 Warning
combinational multiplier  
Detected combinational multiplier in DSP instance conv_layer/generate_conv[6].conv_gen/inner_product/ans1__0.
Related violations: <none>

SYNTH-13#39 Warning
combinational multiplier  
Detected combinational multiplier in DSP instance conv_layer/generate_conv[6].conv_gen/sbl_dsp48/output_signed.
Related violations: <none>

SYNTH-13#40 Warning
combinational multiplier  
Detected combinational multiplier in DSP instance conv_layer/generate_conv[7].conv_gen/inner_product/ans1.
Related violations: <none>

SYNTH-13#41 Warning
combinational multiplier  
Detected combinational multiplier in DSP instance conv_layer/generate_conv[7].conv_gen/inner_product/ans1__0.
Related violations: <none>

SYNTH-13#42 Warning
combinational multiplier  
Detected combinational multiplier in DSP instance conv_layer/generate_conv[7].conv_gen/sbl_dsp48/output_signed.
Related violations: <none>

SYNTH-13#43 Warning
combinational multiplier  
Detected combinational multiplier in DSP instance conv_layer/generate_conv[8].conv_gen/inner_product/ans1.
Related violations: <none>

SYNTH-13#44 Warning
combinational multiplier  
Detected combinational multiplier in DSP instance conv_layer/generate_conv[8].conv_gen/inner_product/ans1__0.
Related violations: <none>

SYNTH-13#45 Warning
combinational multiplier  
Detected combinational multiplier in DSP instance conv_layer/generate_conv[8].conv_gen/sbl_dsp48/output_signed.
Related violations: <none>

SYNTH-13#46 Warning
combinational multiplier  
Detected combinational multiplier in DSP instance conv_layer/generate_conv[9].conv_gen/inner_product/ans1.
Related violations: <none>

SYNTH-13#47 Warning
combinational multiplier  
Detected combinational multiplier in DSP instance conv_layer/generate_conv[9].conv_gen/inner_product/ans1__0.
Related violations: <none>

SYNTH-13#48 Warning
combinational multiplier  
Detected combinational multiplier in DSP instance conv_layer/generate_conv[9].conv_gen/sbl_dsp48/output_signed.
Related violations: <none>

TIMING-14#1 Warning
LUT on the clock tree  
The LUT b_fifo_i_1 has been found on the clock tree. Run opt_design to optimize the clock trees, then re-run report_methodology. If LUT(s) are still present in the clock trees, modify the RTL or the synthesis options accordingly to move the clock gating logic to dedicated clock enable resources. Keep in mind that post-opt_design database cannot be used for pin-planning tasks
Related violations: <none>

TIMING-14#2 Warning
LUT on the clock tree  
The LUT conv1/mp/d2/t_i_2 has been found on the clock tree. Run opt_design to optimize the clock trees, then re-run report_methodology. If LUT(s) are still present in the clock trees, modify the RTL or the synthesis options accordingly to move the clock gating logic to dedicated clock enable resources. Keep in mind that post-opt_design database cannot be used for pin-planning tasks
Related violations: <none>

TIMING-14#3 Warning
LUT on the clock tree  
The LUT conv_layer/controller/ctr[3]_i_3 has been found on the clock tree. Run opt_design to optimize the clock trees, then re-run report_methodology. If LUT(s) are still present in the clock trees, modify the RTL or the synthesis options accordingly to move the clock gating logic to dedicated clock enable resources. Keep in mind that post-opt_design database cannot be used for pin-planning tasks
Related violations: <none>

TIMING-14#4 Warning
LUT on the clock tree  
The LUT conv_layer/generate_conv[14].conv_gen/conv_layern_0_8420_BUFG_inst_i_1 has been found on the clock tree. Run opt_design to optimize the clock trees, then re-run report_methodology. If LUT(s) are still present in the clock trees, modify the RTL or the synthesis options accordingly to move the clock gating logic to dedicated clock enable resources. Keep in mind that post-opt_design database cannot be used for pin-planning tasks
Related violations: <none>

TIMING-14#5 Warning
LUT on the clock tree  
The LUT fc_layer/new_value_reg_i_89__57 has been found on the clock tree. Run opt_design to optimize the clock trees, then re-run report_methodology. If LUT(s) are still present in the clock trees, modify the RTL or the synthesis options accordingly to move the clock gating logic to dedicated clock enable resources. Keep in mind that post-opt_design database cannot be used for pin-planning tasks
Related violations: <none>

TIMING-14#6 Warning
LUT on the clock tree  
The LUT s_fifo_i_1 has been found on the clock tree. Run opt_design to optimize the clock trees, then re-run report_methodology. If LUT(s) are still present in the clock trees, modify the RTL or the synthesis options accordingly to move the clock gating logic to dedicated clock enable resources. Keep in mind that post-opt_design database cannot be used for pin-planning tasks
Related violations: <none>

TIMING-18#1 Warning
Missing input or output delay  
An input delay is missing on iq[0] relative to clock(s) sysClk 
Related violations: <none>

TIMING-18#2 Warning
Missing input or output delay  
An input delay is missing on iq[10] relative to clock(s) sysClk 
Related violations: <none>

TIMING-18#3 Warning
Missing input or output delay  
An input delay is missing on iq[11] relative to clock(s) sysClk 
Related violations: <none>

TIMING-18#4 Warning
Missing input or output delay  
An input delay is missing on iq[12] relative to clock(s) sysClk 
Related violations: <none>

TIMING-18#5 Warning
Missing input or output delay  
An input delay is missing on iq[13] relative to clock(s) sysClk 
Related violations: <none>

TIMING-18#6 Warning
Missing input or output delay  
An input delay is missing on iq[14] relative to clock(s) sysClk 
Related violations: <none>

TIMING-18#7 Warning
Missing input or output delay  
An input delay is missing on iq[15] relative to clock(s) sysClk 
Related violations: <none>

TIMING-18#8 Warning
Missing input or output delay  
An input delay is missing on iq[16] relative to clock(s) sysClk 
Related violations: <none>

TIMING-18#9 Warning
Missing input or output delay  
An input delay is missing on iq[17] relative to clock(s) sysClk 
Related violations: <none>

TIMING-18#10 Warning
Missing input or output delay  
An input delay is missing on iq[18] relative to clock(s) sysClk 
Related violations: <none>

TIMING-18#11 Warning
Missing input or output delay  
An input delay is missing on iq[19] relative to clock(s) sysClk 
Related violations: <none>

TIMING-18#12 Warning
Missing input or output delay  
An input delay is missing on iq[1] relative to clock(s) sysClk 
Related violations: <none>

TIMING-18#13 Warning
Missing input or output delay  
An input delay is missing on iq[20] relative to clock(s) sysClk 
Related violations: <none>

TIMING-18#14 Warning
Missing input or output delay  
An input delay is missing on iq[21] relative to clock(s) sysClk 
Related violations: <none>

TIMING-18#15 Warning
Missing input or output delay  
An input delay is missing on iq[22] relative to clock(s) sysClk 
Related violations: <none>

TIMING-18#16 Warning
Missing input or output delay  
An input delay is missing on iq[23] relative to clock(s) sysClk 
Related violations: <none>

TIMING-18#17 Warning
Missing input or output delay  
An input delay is missing on iq[24] relative to clock(s) sysClk 
Related violations: <none>

TIMING-18#18 Warning
Missing input or output delay  
An input delay is missing on iq[25] relative to clock(s) sysClk 
Related violations: <none>

TIMING-18#19 Warning
Missing input or output delay  
An input delay is missing on iq[26] relative to clock(s) sysClk 
Related violations: <none>

TIMING-18#20 Warning
Missing input or output delay  
An input delay is missing on iq[27] relative to clock(s) sysClk 
Related violations: <none>

TIMING-18#21 Warning
Missing input or output delay  
An input delay is missing on iq[28] relative to clock(s) sysClk 
Related violations: <none>

TIMING-18#22 Warning
Missing input or output delay  
An input delay is missing on iq[29] relative to clock(s) sysClk 
Related violations: <none>

TIMING-18#23 Warning
Missing input or output delay  
An input delay is missing on iq[2] relative to clock(s) sysClk 
Related violations: <none>

TIMING-18#24 Warning
Missing input or output delay  
An input delay is missing on iq[30] relative to clock(s) sysClk 
Related violations: <none>

TIMING-18#25 Warning
Missing input or output delay  
An input delay is missing on iq[31] relative to clock(s) sysClk 
Related violations: <none>

TIMING-18#26 Warning
Missing input or output delay  
An input delay is missing on iq[3] relative to clock(s) sysClk 
Related violations: <none>

TIMING-18#27 Warning
Missing input or output delay  
An input delay is missing on iq[4] relative to clock(s) sysClk 
Related violations: <none>

TIMING-18#28 Warning
Missing input or output delay  
An input delay is missing on iq[5] relative to clock(s) sysClk 
Related violations: <none>

TIMING-18#29 Warning
Missing input or output delay  
An input delay is missing on iq[6] relative to clock(s) sysClk 
Related violations: <none>

TIMING-18#30 Warning
Missing input or output delay  
An input delay is missing on iq[7] relative to clock(s) sysClk 
Related violations: <none>

TIMING-18#31 Warning
Missing input or output delay  
An input delay is missing on iq[8] relative to clock(s) sysClk 
Related violations: <none>

TIMING-18#32 Warning
Missing input or output delay  
An input delay is missing on iq[9] relative to clock(s) sysClk 
Related violations: <none>

TIMING-18#33 Warning
Missing input or output delay  
An input delay is missing on rst relative to clock(s) sysClk 
Related violations: <none>

TIMING-18#34 Warning
Missing input or output delay  
An output delay is missing on dout[0] relative to clock(s) sysClk 
Related violations: <none>

TIMING-18#35 Warning
Missing input or output delay  
An output delay is missing on dout[1] relative to clock(s) sysClk 
Related violations: <none>

TIMING-18#36 Warning
Missing input or output delay  
An output delay is missing on dout[2] relative to clock(s) sysClk 
Related violations: <none>

TIMING-18#37 Warning
Missing input or output delay  
An output delay is missing on dout[3] relative to clock(s) sysClk 
Related violations: <none>

TIMING-18#38 Warning
Missing input or output delay  
An output delay is missing on dout[4] relative to clock(s) sysClk 
Related violations: <none>

TIMING-18#39 Warning
Missing input or output delay  
An output delay is missing on dout[5] relative to clock(s) sysClk 
Related violations: <none>

TIMING-18#40 Warning
Missing input or output delay  
An output delay is missing on dout[6] relative to clock(s) sysClk 
Related violations: <none>

TIMING-18#41 Warning
Missing input or output delay  
An output delay is missing on dout[7] relative to clock(s) sysClk 
Related violations: <none>


