Copyright 1986-2017 Xilinx, Inc. All Rights Reserved.
------------------------------------------------------------------------------------
| Tool Version : Vivado v.2017.2 (lin64) Build 1909853 Thu Jun 15 18:39:10 MDT 2017
| Date         : Mon Apr  2 10:26:51 2018
| Host         : nezin-desktop running 64-bit Ubuntu 16.04.3 LTS
| Command      : report_clock_utilization -file maia_clock_utilization_routed.rpt
| Design       : maia
| Device       : 7z020-clg484
| Speed File   : -1  PRODUCTION 1.11 2014-09-11
------------------------------------------------------------------------------------

Clock Utilization Report

Table of Contents
-----------------
1. Clock Primitive Utilization
2. Global Clock Resources
3. Global Clock Source Details
4. Clock Regions: Key Resource Utilization
5. Clock Regions : Global Clock Summary
6. Device Cell Placement Summary for Global Clock g0
7. Device Cell Placement Summary for Global Clock g1
8. Device Cell Placement Summary for Global Clock g2
9. Device Cell Placement Summary for Global Clock g3
10. Device Cell Placement Summary for Global Clock g4
11. Device Cell Placement Summary for Global Clock g5
12. Device Cell Placement Summary for Global Clock g6
13. Clock Region Cell Placement per Global Clock: Region X0Y0
14. Clock Region Cell Placement per Global Clock: Region X1Y0
15. Clock Region Cell Placement per Global Clock: Region X0Y1
16. Clock Region Cell Placement per Global Clock: Region X1Y1

1. Clock Primitive Utilization
------------------------------

+----------+------+-----------+-----+--------------+--------+
| Type     | Used | Available | LOC | Clock Region | Pblock |
+----------+------+-----------+-----+--------------+--------+
| BUFGCTRL |    7 |        32 |   0 |            0 |      0 |
| BUFH     |    0 |        72 |   0 |            0 |      0 |
| BUFIO    |    0 |        16 |   0 |            0 |      0 |
| BUFMR    |    0 |         8 |   0 |            0 |      0 |
| BUFR     |    0 |        16 |   0 |            0 |      0 |
| MMCM     |    0 |         4 |   0 |            0 |      0 |
| PLL      |    0 |         4 |   0 |            0 |      0 |
+----------+------+-----------+-----+--------------+--------+


2. Global Clock Resources
-------------------------

+-----------+-----------+-----------------+------------+---------------+--------------+-------------------+-------------+-----------------+--------------+--------+--------------------------------+-----------------------------------------------+
| Global Id | Source Id | Driver Type/Pin | Constraint | Site          | Clock Region | Load Clock Region | Clock Loads | Non-Clock Loads | Clock Period | Clock  | Driver Pin                     | Net                                           |
+-----------+-----------+-----------------+------------+---------------+--------------+-------------------+-------------+-----------------+--------------+--------+--------------------------------+-----------------------------------------------+
| g0        | src0      | BUFG/O          | None       | BUFGCTRL_X0Y0 | n/a          |                 4 |        6237 |               0 |       20.000 | sysClk | clk_IBUF_BUFG_inst/O           | clk_IBUF_BUFG                                 |
| g1        | src1      | BUFG/O          | None       | BUFGCTRL_X0Y1 | n/a          |                 2 |        1040 |               0 |       20.000 | sysClk | conv_layern_0_8725_BUFG_inst/O | conv_layern_0_8725_BUFG                       |
| g2        | src2      | BUFG/O          | None       | BUFGCTRL_X0Y2 | n/a          |                 2 |        1035 |               0 |       20.000 | sysClk | ctr_reg[3]_i_2/O               | generate_conv[12].conv_gen/inner_product/gclk |
| g3        | src3      | BUFG/O          | None       | BUFGCTRL_X0Y3 | n/a          |                 1 |          69 |               0 |       20.000 | sysClk | ctr_reg[3]_i_2__0/O            | conv_0/inner_product/gclk                     |
| g4        | src4      | BUFG/O          | None       | BUFGCTRL_X0Y4 | n/a          |                 1 |          66 |               0 |       20.000 | sysClk | clk_fifo_BUFG_inst/O           | clk_fifo_BUFG                                 |
| g5        | src5      | BUFG/O          | None       | BUFGCTRL_X0Y5 | n/a          |                 4 |          64 |               0 |       20.000 | sysClk | new_value_reg_i_2/O            | gclk                                          |
| g6        | src6      | BUFG/O          | None       | BUFGCTRL_X0Y6 | n/a          |                 1 |          42 |               0 |       20.000 | sysClk | clk_s_fifo_BUFG_inst/O         | clk_s_fifo_BUFG                               |
+-----------+-----------+-----------------+------------+---------------+--------------+-------------------+-------------+-----------------+--------------+--------+--------------------------------+-----------------------------------------------+
* Clock Loads column represents the clock pin loads (pin count)
** Non-Clock Loads column represents the non-clock pin loads (pin count)


3. Global Clock Source Details
------------------------------

+-----------+-----------+-----------------+------------+--------------+--------------+-------------+-----------------+---------------------+--------------+------------------------------------------------------+----------------------------------------------------+
| Source Id | Global Id | Driver Type/Pin | Constraint | Site         | Clock Region | Clock Loads | Non-Clock Loads | Source Clock Period | Source Clock | Driver Pin                                           | Net                                                |
+-----------+-----------+-----------------+------------+--------------+--------------+-------------+-----------------+---------------------+--------------+------------------------------------------------------+----------------------------------------------------+
| src0      | g0        | IBUF/O          | None       | IOB_X0Y28    | X0Y0         |           1 |               7 |              20.000 | sysClk       | clk_IBUF_inst/O                                      | clk_IBUF                                           |
| src1      | g1        | LUT2/O          | None       | SLICE_X52Y47 | X1Y0         |           1 |               0 |              20.000 | sysClk       | conv_layer/conv_0/conv_layern_0_8725_BUFG_inst_i_1/O | conv_layer/conv_0/conv_layern_0_8725_BUFG_inst_n_0 |
| src2      | g2        | LUT2/O          | None       | SLICE_X52Y46 | X1Y0         |           1 |               0 |              20.000 | sysClk       | conv_layer/controller/ctr[3]_i_3__0/O                | conv_layer/controller/ctr_reg[3]                   |
| src3      | g3        | LUT2/O          | None       | SLICE_X52Y46 | X1Y0         |           1 |               0 |              20.000 | sysClk       | conv_layer/controller/ctr[3]_i_3/O                   | conv_layer/controller/cc_reg                       |
| src4      | g4        | LUT3/O          | None       | SLICE_X52Y46 | X1Y0         |           1 |               0 |              20.000 | sysClk       | b_fifo_i_1/O                                         | clk_fifo                                           |
| src5      | g5        | LUT2/O          | None       | SLICE_X52Y47 | X1Y0         |           1 |               0 |              20.000 | sysClk       | fc_layer/new_value_reg_i_88__7/O                     | fc_layer/new_value_reg_1275                        |
| src6      | g6        | LUT3/O          | None       | SLICE_X52Y46 | X1Y0         |           1 |               0 |              20.000 | sysClk       | s_fifo_i_1/O                                         | clk_s_fifo                                         |
+-----------+-----------+-----------------+------------+--------------+--------------+-------------+-----------------+---------------------+--------------+------------------------------------------------------+----------------------------------------------------+
* Clock Loads column represents the clock pin loads (pin count)
** Non-Clock Loads column represents the non-clock pin loads (pin count)


4. Clock Regions: Key Resource Utilization
------------------------------------------

+-------------------+--------------+--------------+--------------+--------------+--------------+--------------+--------------+--------------+--------------+--------------+--------------+--------------+--------------+--------------+--------------+
|                   | Global Clock |     BUFRs    |    BUFMRs    |    BUFIOs    |     MMCM     |      PLL     |      GT      |      PCI     |    ILOGIC    |    OLOGIC    |      FF      |     LUTM     |    RAMB18    |    RAMB36    |    DSP48E2   |
+-------------------+------+-------+------+-------+------+-------+------+-------+------+-------+------+-------+------+-------+------+-------+------+-------+------+-------+------+-------+------+-------+------+-------+------+-------+------+-------+
| Clock Region Name | Used | Avail | Used | Avail | Used | Avail | Used | Avail | Used | Avail | Used | Avail | Used | Avail | Used | Avail | Used | Avail | Used | Avail | Used | Avail | Used | Avail | Used | Avail | Used | Avail | Used | Avail |
+-------------------+------+-------+------+-------+------+-------+------+-------+------+-------+------+-------+------+-------+------+-------+------+-------+------+-------+------+-------+------+-------+------+-------+------+-------+------+-------+
| X0Y0              |    5 |    12 |    0 |     4 |    0 |     2 |    0 |     4 |    0 |     1 |    0 |     1 |    0 |     0 |    0 |     0 |    0 |    50 |    0 |    50 | 4267 |  2500 | 2190 |  1000 |    4 |    60 |   10 |    30 |   28 |    60 |
| X1Y0              |    6 |    12 |    0 |     4 |    0 |     2 |    0 |     4 |    0 |     1 |    0 |     1 |    0 |     0 |    0 |     0 |    0 |    50 |    0 |    50 | 3326 |  3200 |  933 |   850 |    2 |    60 |   12 |    30 |   21 |    40 |
| X0Y1              |    2 |    12 |    0 |     0 |    0 |     0 |    0 |     0 |    0 |     0 |    0 |     0 |    0 |     0 |    0 |     0 |    0 |     0 |    0 |     0 |   92 |  1200 |   58 |   400 |    0 |    20 |    1 |    10 |    7 |    20 |
| X1Y1              |    2 |    12 |    0 |     4 |    0 |     2 |    0 |     4 |    0 |     1 |    0 |     1 |    0 |     0 |    0 |     0 |    0 |    50 |    0 |    50 |  215 |  2600 |   56 |   850 |    0 |    60 |    2 |    30 |   24 |    40 |
| X0Y2              |    0 |    12 |    0 |     0 |    0 |     0 |    0 |     0 |    0 |     0 |    0 |     0 |    0 |     0 |    0 |     0 |    0 |     0 |    0 |     0 |    0 |  1200 |    0 |   400 |    0 |    20 |    0 |    10 |    0 |    20 |
| X1Y2              |    0 |    12 |    0 |     4 |    0 |     2 |    0 |     4 |    0 |     1 |    0 |     1 |    0 |     0 |    0 |     0 |    0 |    50 |    0 |    50 |    0 |  2600 |    0 |   850 |    0 |    60 |    0 |    30 |    0 |    40 |
+-------------------+------+-------+------+-------+------+-------+------+-------+------+-------+------+-------+------+-------+------+-------+------+-------+------+-------+------+-------+------+-------+------+-------+------+-------+------+-------+
* Global Clock column represents track count; while other columns represents cell counts


5. Clock Regions : Global Clock Summary
---------------------------------------

+----+----+----+
|    | X0 | X1 |
+----+----+----+
| Y2 |  0 |  0 |
| Y1 |  2 |  2 |
| Y0 |  5 |  6 |
+----+----+----+


6. Device Cell Placement Summary for Global Clock g0
----------------------------------------------------

+-----------+-----------------+-------------------+--------+-------------+----------------+-------------+----------+----------------+----------+---------------+
| Global Id | Driver Type/Pin | Driver Region (D) | Clock  | Period (ns) | Waveform (ns)  | Slice Loads | IO Loads | Clocking Loads | GT Loads | Net           |
+-----------+-----------------+-------------------+--------+-------------+----------------+-------------+----------+----------------+----------+---------------+
| g0        | BUFG/O          | n/a               | sysClk |      20.000 | {0.000 10.000} |        6042 |        0 |              0 |        0 | clk_IBUF_BUFG |
+-----------+-----------------+-------------------+--------+-------------+----------------+-------------+----------+----------------+----------+---------------+
* Logic Loads column represents load cell count of all cell types other than IO, GT and clock resources
** IO Loads column represents load cell count of IO types
*** Clocking Loads column represents load cell count that are clock resources (global clock buffer, MMCM, PLL, etc)
**** GT Loads column represents load cell count of GT types


+----+-------+-------+
|    | X0    | X1    |
+----+-------+-------+
| Y2 |     0 |     0 |
| Y1 |    93 |   217 |
| Y0 |  3402 |  2330 |
+----+-------+-------+


7. Device Cell Placement Summary for Global Clock g1
----------------------------------------------------

+-----------+-----------------+-------------------+--------+-------------+----------------+-------------+----------+----------------+----------+-------------------------+
| Global Id | Driver Type/Pin | Driver Region (D) | Clock  | Period (ns) | Waveform (ns)  | Slice Loads | IO Loads | Clocking Loads | GT Loads | Net                     |
+-----------+-----------------+-------------------+--------+-------------+----------------+-------------+----------+----------------+----------+-------------------------+
| g1        | BUFG/O          | n/a               | sysClk |      20.000 | {0.000 10.000} |        1040 |        0 |              0 |        0 | conv_layern_0_8725_BUFG |
+-----------+-----------------+-------------------+--------+-------------+----------------+-------------+----------+----------------+----------+-------------------------+
* Logic Loads column represents load cell count of all cell types other than IO, GT and clock resources
** IO Loads column represents load cell count of IO types
*** Clocking Loads column represents load cell count that are clock resources (global clock buffer, MMCM, PLL, etc)
**** GT Loads column represents load cell count of GT types


+----+------+------+
|    | X0   | X1   |
+----+------+------+
| Y2 |    0 |    0 |
| Y1 |    0 |    0 |
| Y0 |  524 |  516 |
+----+------+------+


8. Device Cell Placement Summary for Global Clock g2
----------------------------------------------------

+-----------+-----------------+-------------------+--------+-------------+----------------+-------------+----------+----------------+----------+-----------------------------------------------+
| Global Id | Driver Type/Pin | Driver Region (D) | Clock  | Period (ns) | Waveform (ns)  | Slice Loads | IO Loads | Clocking Loads | GT Loads | Net                                           |
+-----------+-----------------+-------------------+--------+-------------+----------------+-------------+----------+----------------+----------+-----------------------------------------------+
| g2        | BUFG/O          | n/a               | sysClk |      20.000 | {0.000 10.000} |        1035 |        0 |              0 |        0 | generate_conv[12].conv_gen/inner_product/gclk |
+-----------+-----------------+-------------------+--------+-------------+----------------+-------------+----------+----------------+----------+-----------------------------------------------+
* Logic Loads column represents load cell count of all cell types other than IO, GT and clock resources
** IO Loads column represents load cell count of IO types
*** Clocking Loads column represents load cell count that are clock resources (global clock buffer, MMCM, PLL, etc)
**** GT Loads column represents load cell count of GT types


+----+------+------+
|    | X0   | X1   |
+----+------+------+
| Y2 |    0 |    0 |
| Y1 |    0 |    0 |
| Y0 |  621 |  414 |
+----+------+------+


9. Device Cell Placement Summary for Global Clock g3
----------------------------------------------------

+-----------+-----------------+-------------------+--------+-------------+----------------+-------------+----------+----------------+----------+---------------------------+
| Global Id | Driver Type/Pin | Driver Region (D) | Clock  | Period (ns) | Waveform (ns)  | Slice Loads | IO Loads | Clocking Loads | GT Loads | Net                       |
+-----------+-----------------+-------------------+--------+-------------+----------------+-------------+----------+----------------+----------+---------------------------+
| g3        | BUFG/O          | n/a               | sysClk |      20.000 | {0.000 10.000} |          69 |        0 |              0 |        0 | conv_0/inner_product/gclk |
+-----------+-----------------+-------------------+--------+-------------+----------------+-------------+----------+----------------+----------+---------------------------+
* Logic Loads column represents load cell count of all cell types other than IO, GT and clock resources
** IO Loads column represents load cell count of IO types
*** Clocking Loads column represents load cell count that are clock resources (global clock buffer, MMCM, PLL, etc)
**** GT Loads column represents load cell count of GT types


+----+----+-----+
|    | X0 | X1  |
+----+----+-----+
| Y2 |  0 |   0 |
| Y1 |  0 |   0 |
| Y0 |  0 |  69 |
+----+----+-----+


10. Device Cell Placement Summary for Global Clock g4
-----------------------------------------------------

+-----------+-----------------+-------------------+--------+-------------+----------------+-------------+----------+----------------+----------+---------------+
| Global Id | Driver Type/Pin | Driver Region (D) | Clock  | Period (ns) | Waveform (ns)  | Slice Loads | IO Loads | Clocking Loads | GT Loads | Net           |
+-----------+-----------------+-------------------+--------+-------------+----------------+-------------+----------+----------------+----------+---------------+
| g4        | BUFG/O          | n/a               | sysClk |      20.000 | {0.000 10.000} |          64 |        0 |              0 |        0 | clk_fifo_BUFG |
+-----------+-----------------+-------------------+--------+-------------+----------------+-------------+----------+----------------+----------+---------------+
* Logic Loads column represents load cell count of all cell types other than IO, GT and clock resources
** IO Loads column represents load cell count of IO types
*** Clocking Loads column represents load cell count that are clock resources (global clock buffer, MMCM, PLL, etc)
**** GT Loads column represents load cell count of GT types


+----+-----+----+
|    | X0  | X1 |
+----+-----+----+
| Y2 |   0 |  0 |
| Y1 |   0 |  0 |
| Y0 |  64 |  0 |
+----+-----+----+


11. Device Cell Placement Summary for Global Clock g5
-----------------------------------------------------

+-----------+-----------------+-------------------+--------+-------------+----------------+-------------+----------+----------------+----------+------+
| Global Id | Driver Type/Pin | Driver Region (D) | Clock  | Period (ns) | Waveform (ns)  | Slice Loads | IO Loads | Clocking Loads | GT Loads | Net  |
+-----------+-----------------+-------------------+--------+-------------+----------------+-------------+----------+----------------+----------+------+
| g5        | BUFG/O          | n/a               | sysClk |      20.000 | {0.000 10.000} |          64 |        0 |              0 |        0 | gclk |
+-----------+-----------------+-------------------+--------+-------------+----------------+-------------+----------+----------------+----------+------+
* Logic Loads column represents load cell count of all cell types other than IO, GT and clock resources
** IO Loads column represents load cell count of IO types
*** Clocking Loads column represents load cell count that are clock resources (global clock buffer, MMCM, PLL, etc)
**** GT Loads column represents load cell count of GT types


+----+-----+-----+
|    | X0  | X1  |
+----+-----+-----+
| Y2 |   0 |   0 |
| Y1 |   7 |  24 |
| Y0 |  12 |  21 |
+----+-----+-----+


12. Device Cell Placement Summary for Global Clock g6
-----------------------------------------------------

+-----------+-----------------+-------------------+--------+-------------+----------------+-------------+----------+----------------+----------+-----------------+
| Global Id | Driver Type/Pin | Driver Region (D) | Clock  | Period (ns) | Waveform (ns)  | Slice Loads | IO Loads | Clocking Loads | GT Loads | Net             |
+-----------+-----------------+-------------------+--------+-------------+----------------+-------------+----------+----------------+----------+-----------------+
| g6        | BUFG/O          | n/a               | sysClk |      20.000 | {0.000 10.000} |          41 |        0 |              0 |        0 | clk_s_fifo_BUFG |
+-----------+-----------------+-------------------+--------+-------------+----------------+-------------+----------+----------------+----------+-----------------+
* Logic Loads column represents load cell count of all cell types other than IO, GT and clock resources
** IO Loads column represents load cell count of IO types
*** Clocking Loads column represents load cell count that are clock resources (global clock buffer, MMCM, PLL, etc)
**** GT Loads column represents load cell count of GT types


+----+----+-----+
|    | X0 | X1  |
+----+----+-----+
| Y2 |  0 |   0 |
| Y1 |  0 |   0 |
| Y0 |  0 |  41 |
+----+----+-----+


13. Clock Region Cell Placement per Global Clock: Region X0Y0
-------------------------------------------------------------

+-----------+-------+-----------------+------------+-------------+-----------------+------+--------+------+-----+----+------+-----+---------+-----------------------------------------------+
| Global Id | Track | Driver Type/Pin | Constraint | Clock Loads | Non-Clock Loads | FF   | LUTRAM | RAMB | DSP | GT | MMCM | PLL | Hard IP | Net                                           |
+-----------+-------+-----------------+------------+-------------+-----------------+------+--------+------+-----+----+------+-----+---------+-----------------------------------------------+
| g0        | n/a   | BUFG/O          | None       |        3402 |               0 | 3060 |    305 |   13 |  16 |  0 |    0 |   0 |       0 | clk_IBUF_BUFG                                 |
| g1        | n/a   | BUFG/O          | None       |         524 |               0 |  524 |      0 |    0 |   0 |  0 |    0 |   0 |       0 | conv_layern_0_8725_BUFG                       |
| g2        | n/a   | BUFG/O          | None       |         621 |               0 |  621 |      0 |    0 |   0 |  0 |    0 |   0 |       0 | generate_conv[12].conv_gen/inner_product/gclk |
| g4        | n/a   | BUFG/O          | None       |          64 |               0 |   62 |      0 |    1 |   0 |  0 |    0 |   0 |       0 | clk_fifo_BUFG                                 |
| g5        | n/a   | BUFG/O          | None       |          12 |               0 |    0 |      0 |    0 |  12 |  0 |    0 |   0 |       0 | gclk                                          |
+-----------+-------+-----------------+------------+-------------+-----------------+------+--------+------+-----+----+------+-----+---------+-----------------------------------------------+
* Clock Loads column represents the clock pin loads (pin count)
** Non-Clock Loads column represents the non-clock pin loads (pin count)
*** Columns FF, LUTRAM, RAMB through 'Hard IP' represents load cell counts


14. Clock Region Cell Placement per Global Clock: Region X1Y0
-------------------------------------------------------------

+-----------+-------+-----------------+------------+-------------+-----------------+------+--------+------+-----+----+------+-----+---------+-----------------------------------------------+
| Global Id | Track | Driver Type/Pin | Constraint | Clock Loads | Non-Clock Loads | FF   | LUTRAM | RAMB | DSP | GT | MMCM | PLL | Hard IP | Net                                           |
+-----------+-------+-----------------+------------+-------------+-----------------+------+--------+------+-----+----+------+-----+---------+-----------------------------------------------+
| g0        | n/a   | BUFG/O          | None       |        2330 |               0 | 2287 |     25 |   13 |   0 |  0 |    0 |   0 |       0 | clk_IBUF_BUFG                                 |
| g1        | n/a   | BUFG/O          | None       |         516 |               0 |  516 |      0 |    0 |   0 |  0 |    0 |   0 |       0 | conv_layern_0_8725_BUFG                       |
| g2        | n/a   | BUFG/O          | None       |         414 |               0 |  414 |      0 |    0 |   0 |  0 |    0 |   0 |       0 | generate_conv[12].conv_gen/inner_product/gclk |
| g3        | n/a   | BUFG/O          | None       |          69 |               0 |   69 |      0 |    0 |   0 |  0 |    0 |   0 |       0 | conv_0/inner_product/gclk                     |
| g5        | n/a   | BUFG/O          | None       |          21 |               0 |    0 |      0 |    0 |  21 |  0 |    0 |   0 |       0 | gclk                                          |
| g6        | n/a   | BUFG/O          | None       |          41 |               0 |   40 |      0 |    1 |   0 |  0 |    0 |   0 |       0 | clk_s_fifo_BUFG                               |
+-----------+-------+-----------------+------------+-------------+-----------------+------+--------+------+-----+----+------+-----+---------+-----------------------------------------------+
* Clock Loads column represents the clock pin loads (pin count)
** Non-Clock Loads column represents the non-clock pin loads (pin count)
*** Columns FF, LUTRAM, RAMB through 'Hard IP' represents load cell counts


15. Clock Region Cell Placement per Global Clock: Region X0Y1
-------------------------------------------------------------

+-----------+-------+-----------------+------------+-------------+-----------------+----+--------+------+-----+----+------+-----+---------+---------------+
| Global Id | Track | Driver Type/Pin | Constraint | Clock Loads | Non-Clock Loads | FF | LUTRAM | RAMB | DSP | GT | MMCM | PLL | Hard IP | Net           |
+-----------+-------+-----------------+------------+-------------+-----------------+----+--------+------+-----+----+------+-----+---------+---------------+
| g0        | n/a   | BUFG/O          | None       |          93 |               0 | 92 |      0 |    1 |   0 |  0 |    0 |   0 |       0 | clk_IBUF_BUFG |
| g5        | n/a   | BUFG/O          | None       |           7 |               0 |  0 |      0 |    0 |   7 |  0 |    0 |   0 |       0 | gclk          |
+-----------+-------+-----------------+------------+-------------+-----------------+----+--------+------+-----+----+------+-----+---------+---------------+
* Clock Loads column represents the clock pin loads (pin count)
** Non-Clock Loads column represents the non-clock pin loads (pin count)
*** Columns FF, LUTRAM, RAMB through 'Hard IP' represents load cell counts


16. Clock Region Cell Placement per Global Clock: Region X1Y1
-------------------------------------------------------------

+-----------+-------+-----------------+------------+-------------+-----------------+-----+--------+------+-----+----+------+-----+---------+---------------+
| Global Id | Track | Driver Type/Pin | Constraint | Clock Loads | Non-Clock Loads | FF  | LUTRAM | RAMB | DSP | GT | MMCM | PLL | Hard IP | Net           |
+-----------+-------+-----------------+------------+-------------+-----------------+-----+--------+------+-----+----+------+-----+---------+---------------+
| g0        | n/a   | BUFG/O          | None       |         217 |               0 | 215 |      0 |    2 |   0 |  0 |    0 |   0 |       0 | clk_IBUF_BUFG |
| g5        | n/a   | BUFG/O          | None       |          24 |               0 |   0 |      0 |    0 |  24 |  0 |    0 |   0 |       0 | gclk          |
+-----------+-------+-----------------+------------+-------------+-----------------+-----+--------+------+-----+----+------+-----+---------+---------------+
* Clock Loads column represents the clock pin loads (pin count)
** Non-Clock Loads column represents the non-clock pin loads (pin count)
*** Columns FF, LUTRAM, RAMB through 'Hard IP' represents load cell counts



# Location of BUFG Primitives 
set_property LOC BUFGCTRL_X0Y2 [get_cells ctr_reg[3]_i_2]
set_property LOC BUFGCTRL_X0Y5 [get_cells new_value_reg_i_2]
set_property LOC BUFGCTRL_X0Y1 [get_cells conv_layern_0_8725_BUFG_inst]
set_property LOC BUFGCTRL_X0Y3 [get_cells ctr_reg[3]_i_2__0]
set_property LOC BUFGCTRL_X0Y6 [get_cells clk_s_fifo_BUFG_inst]
set_property LOC BUFGCTRL_X0Y4 [get_cells clk_fifo_BUFG_inst]
set_property LOC BUFGCTRL_X0Y0 [get_cells clk_IBUF_BUFG_inst]

# Location of IO Primitives which is load of clock spine

# Location of clock ports
set_property LOC IOB_X0Y28 [get_ports clk]

# Clock net "generate_conv[12].conv_gen/inner_product/gclk" driven by instance "ctr_reg[3]_i_2" located at site "BUFGCTRL_X0Y2"
#startgroup
create_pblock {CLKAG_generate_conv[12].conv_gen/inner_product/gclk}
add_cells_to_pblock [get_pblocks  {CLKAG_generate_conv[12].conv_gen/inner_product/gclk}] [get_cells -filter { PRIMITIVE_GROUP != I/O && IS_PRIMITIVE==1 && PRIMITIVE_LEVEL !=INTERNAL } -of_object [get_pins -filter {DIRECTION==IN} -of_objects [get_nets -hierarchical -filter {PARENT=="generate_conv[12].conv_gen/inner_product/gclk"}]]]
resize_pblock [get_pblocks {CLKAG_generate_conv[12].conv_gen/inner_product/gclk}] -add {CLOCKREGION_X0Y0:CLOCKREGION_X0Y0 CLOCKREGION_X1Y0:CLOCKREGION_X1Y0}
#endgroup

# Clock net "gclk" driven by instance "new_value_reg_i_2" located at site "BUFGCTRL_X0Y5"
#startgroup
create_pblock {CLKAG_gclk}
add_cells_to_pblock [get_pblocks  {CLKAG_gclk}] [get_cells -filter { PRIMITIVE_GROUP != I/O && IS_PRIMITIVE==1 && PRIMITIVE_LEVEL !=INTERNAL } -of_object [get_pins -filter {DIRECTION==IN} -of_objects [get_nets -hierarchical -filter {PARENT=="gclk"}]]]
resize_pblock [get_pblocks {CLKAG_gclk}] -add {CLOCKREGION_X0Y0:CLOCKREGION_X0Y0 CLOCKREGION_X0Y1:CLOCKREGION_X0Y1 CLOCKREGION_X1Y0:CLOCKREGION_X1Y0 CLOCKREGION_X1Y1:CLOCKREGION_X1Y1}
#endgroup

# Clock net "conv_layern_0_8725_BUFG" driven by instance "conv_layern_0_8725_BUFG_inst" located at site "BUFGCTRL_X0Y1"
#startgroup
create_pblock {CLKAG_conv_layern_0_8725_BUFG}
add_cells_to_pblock [get_pblocks  {CLKAG_conv_layern_0_8725_BUFG}] [get_cells -filter { PRIMITIVE_GROUP != I/O && IS_PRIMITIVE==1 && PRIMITIVE_LEVEL !=INTERNAL } -of_object [get_pins -filter {DIRECTION==IN} -of_objects [get_nets -hierarchical -filter {PARENT=="conv_layern_0_8725_BUFG"}]]]
resize_pblock [get_pblocks {CLKAG_conv_layern_0_8725_BUFG}] -add {CLOCKREGION_X0Y0:CLOCKREGION_X0Y0 CLOCKREGION_X1Y0:CLOCKREGION_X1Y0}
#endgroup

# Clock net "conv_0/inner_product/gclk" driven by instance "ctr_reg[3]_i_2__0" located at site "BUFGCTRL_X0Y3"
#startgroup
create_pblock {CLKAG_conv_0/inner_product/gclk}
add_cells_to_pblock [get_pblocks  {CLKAG_conv_0/inner_product/gclk}] [get_cells -filter { PRIMITIVE_GROUP != I/O && IS_PRIMITIVE==1 && PRIMITIVE_LEVEL !=INTERNAL } -of_object [get_pins -filter {DIRECTION==IN} -of_objects [get_nets -hierarchical -filter {PARENT=="conv_0/inner_product/gclk"}]]]
resize_pblock [get_pblocks {CLKAG_conv_0/inner_product/gclk}] -add {CLOCKREGION_X1Y0:CLOCKREGION_X1Y0}
#endgroup

# Clock net "clk_s_fifo_BUFG" driven by instance "clk_s_fifo_BUFG_inst" located at site "BUFGCTRL_X0Y6"
#startgroup
create_pblock {CLKAG_clk_s_fifo_BUFG}
add_cells_to_pblock [get_pblocks  {CLKAG_clk_s_fifo_BUFG}] [get_cells -filter { PRIMITIVE_GROUP != I/O && IS_PRIMITIVE==1 && PRIMITIVE_LEVEL !=INTERNAL } -of_object [get_pins -filter {DIRECTION==IN} -of_objects [get_nets -hierarchical -filter {PARENT=="clk_s_fifo_BUFG"}]]]
resize_pblock [get_pblocks {CLKAG_clk_s_fifo_BUFG}] -add {CLOCKREGION_X1Y0:CLOCKREGION_X1Y0}
#endgroup

# Clock net "clk_fifo_BUFG" driven by instance "clk_fifo_BUFG_inst" located at site "BUFGCTRL_X0Y4"
#startgroup
create_pblock {CLKAG_clk_fifo_BUFG}
add_cells_to_pblock [get_pblocks  {CLKAG_clk_fifo_BUFG}] [get_cells -filter { PRIMITIVE_GROUP != I/O && IS_PRIMITIVE==1 && PRIMITIVE_LEVEL !=INTERNAL } -of_object [get_pins -filter {DIRECTION==IN} -of_objects [get_nets -hierarchical -filter {PARENT=="clk_fifo_BUFG"}]]]
resize_pblock [get_pblocks {CLKAG_clk_fifo_BUFG}] -add {CLOCKREGION_X0Y0:CLOCKREGION_X0Y0}
#endgroup

# Clock net "clk_IBUF_BUFG" driven by instance "clk_IBUF_BUFG_inst" located at site "BUFGCTRL_X0Y0"
#startgroup
create_pblock {CLKAG_clk_IBUF_BUFG}
add_cells_to_pblock [get_pblocks  {CLKAG_clk_IBUF_BUFG}] [get_cells -filter { PRIMITIVE_GROUP != I/O && IS_PRIMITIVE==1 && PRIMITIVE_LEVEL !=INTERNAL } -of_object [get_pins -filter {DIRECTION==IN} -of_objects [get_nets -hierarchical -filter {PARENT=="clk_IBUF_BUFG"}]]]
resize_pblock [get_pblocks {CLKAG_clk_IBUF_BUFG}] -add {CLOCKREGION_X0Y0:CLOCKREGION_X0Y0 CLOCKREGION_X0Y1:CLOCKREGION_X0Y1 CLOCKREGION_X1Y0:CLOCKREGION_X1Y0 CLOCKREGION_X1Y1:CLOCKREGION_X1Y1}
#endgroup
